<?xml version="1.0" encoding="UTF-8"?>
<testsuite hostname="welcome-PC" name="flightBooking.TestOrbit" tests="1" failures="1" timestamp="15 Feb 2018 11:25:57 GMT" time="47.206" errors="0">
  <testcase name="verifyFlightbooking" time="47.176" classname="flightBooking.TestOrbit">
    <failure type="org.openqa.selenium.WebDriverException" message="Failed to connect to binary FirefoxBinary(C:\Program Files\Mozilla Firefox\firefox.exe) on port 7055; process output follows: 
persky Lab çš„æ‰©å±•åŠŸèƒ½å¯¹æ‚¨çš„äº’è�”ç½‘çš„ä¿�æŠ¤ã€‚&amp;quot;,&amp;quot;creator&amp;quot;:null,&amp;quot;homepageURL&amp;quot;:null},{&amp;quot;locales&amp;quot;:[&amp;quot;zh_HK&amp;quot;],&amp;quot;name&amp;quot;:&amp;quot;å�¡å·´æ–¯åŸºé˜²è­·&amp;quot;,&amp;quot;description&amp;quot;:&amp;quot;ä½¿ç”¨ Kaspersky Lab çš„å»¶ä¼¸åŠŸèƒ½å°�æ‚¨çš„ç¶²éš›ç¶²è·¯çš„é˜²è­·ã€‚&amp;quot;,&amp;quot;creator&amp;quot;:null,&amp;quot;homepageURL&amp;quot;:null},{&amp;quot;locales&amp;quot;:[&amp;quot;zh_TW&amp;quot;],&amp;quot;name&amp;quot;:&amp;quot;å�¡å·´æ–¯åŸºé˜²è­·&amp;quot;,&amp;quot;description&amp;quot;:&amp;quot;ä½¿ç”¨ Kaspersky Lab çš„å»¶ä¼¸åŠŸèƒ½å°�æ‚¨çš„ç¶²éš›ç¶²è·¯çš„é˜²è­·ã€‚&amp;quot;,&amp;quot;creator&amp;quot;:null,&amp;quot;homepageURL&amp;quot;:null}],&amp;quot;targetApplications&amp;quot;:[{&amp;quot;id&amp;quot;:&amp;quot;{ec8030f7-c20a-464f-9b0e-13a3a9e97384}&amp;quot;,&amp;quot;minVersion&amp;quot;:&amp;quot;38.0a1&amp;quot;,&amp;quot;maxVersion&amp;quot;:&amp;quot;43.0&amp;quot;}],&amp;quot;targetPlatforms&amp;quot;:[],&amp;quot;multiprocessCompatible&amp;quot;:false,&amp;quot;signedState&amp;quot;:2,&amp;quot;seen&amp;quot;:true}
1518693913604	DeferredSave.extensions.json	DEBUG	Save changes
1518693913605	addons.xpi	DEBUG	Updating database with changes to installed add-ons
1518693913605	addons.xpi-utils	DEBUG	Updating add-on states
1518693913606	addons.xpi-utils	DEBUG	Writing add-ons list
1518693913609	addons.xpi	DEBUG	Registering manifest for C:\Program Files\Mozilla Firefox\browser\features\loop@mozilla.org.xpi
1518693913611	addons.xpi	DEBUG	Calling bootstrap method startup on loop@mozilla.org version 1.1.14
1518693913625	addons.manager	DEBUG	Starting provider: &amp;lt;unnamed-provider&amp;gt;
1518693913625	addons.manager	DEBUG	Registering shutdown blocker for &amp;lt;unnamed-provider&amp;gt;
1518693913625	addons.manager	DEBUG	Provider finished startup: &amp;lt;unnamed-provider&amp;gt;
1518693913639	addons.manager	DEBUG	Registering shutdown blocker for XPIProvider
1518693913639	addons.manager	DEBUG	Provider finished startup: XPIProvider
1518693913639	addons.manager	DEBUG	Starting provider: LightweightThemeManager
1518693913639	addons.manager	DEBUG	Registering shutdown blocker for LightweightThemeManager
1518693913639	addons.manager	DEBUG	Provider finished startup: LightweightThemeManager
1518693913640	addons.manager	DEBUG	Starting provider: GMPProvider
1518693913645	addons.manager	DEBUG	Registering shutdown blocker for GMPProvider
1518693913645	addons.manager	DEBUG	Provider finished startup: GMPProvider
1518693913645	addons.manager	DEBUG	Starting provider: PluginProvider
1518693913645	addons.manager	DEBUG	Registering shutdown blocker for PluginProvider
1518693913645	addons.manager	DEBUG	Provider finished startup: PluginProvider
1518693913645	addons.manager	DEBUG	Completed startup sequence
1518693922333	DeferredSave.extensions.json	DEBUG	Write succeeded
1518693922333	addons.xpi-utils	DEBUG	XPI Database saved, setting schema version preference to 17
1518693922333	DeferredSave.extensions.json	DEBUG	Starting timer
1518693922360	DeferredSave.extensions.json	DEBUG	Starting write
1518693922376	addons.repository	DEBUG	No addons.json found.
1518693922377	DeferredSave.addons.json	DEBUG	Save changes
1518693922381	DeferredSave.addons.json	DEBUG	Starting timer
1518693922406	addons.manager	DEBUG	Starting provider: PreviousExperimentProvider
1518693922406	addons.manager	DEBUG	Registering shutdown blocker for PreviousExperimentProvider
1518693922406	addons.manager	DEBUG	Provider finished startup: PreviousExperimentProvider
1518693922418	DeferredSave.extensions.json	DEBUG	Write succeeded
1518693922442	DeferredSave.addons.json	DEBUG	Starting write
1518693922454	DeferredSave.addons.json	DEBUG	Write succeeded
1518693935995	addons.xpi	DEBUG	Calling bootstrap method shutdown on loop@mozilla.org version 1.1.14
1518693936266	addons.manager	DEBUG	shutdown
1518693936267	addons.manager	DEBUG	Calling shutdown blocker for &amp;lt;unnamed-provider&amp;gt;
1518693936267	addons.manager	DEBUG	Calling shutdown blocker for XPIProvider
1518693936267	addons.xpi	DEBUG	shutdown
1518693936267	addons.xpi-utils	DEBUG	shutdown
1518693936268	addons.manager	DEBUG	Calling shutdown blocker for LightweightThemeManager
1518693936268	addons.manager	DEBUG	Calling shutdown blocker for GMPProvider
1518693936270	addons.manager	DEBUG	Calling shutdown blocker for PluginProvider
1518693936271	addons.manager	DEBUG	Calling shutdown blocker for PreviousExperimentProvider
1518693936274	addons.xpi	DEBUG	Notifying XPI shutdown observers
1518693936280	addons.manager	DEBUG	Async provider shutdown done

Build info: version: &amp;apos;2.47.1&amp;apos;, revision: &amp;apos;unknown&amp;apos;, time: &amp;apos;2015-07-30 11:02:44&amp;apos;
System info: host: &amp;apos;welcome-PC&amp;apos;, ip: &amp;apos;192.168.79.1&amp;apos;, os.name: &amp;apos;Windows 7&amp;apos;, os.arch: &amp;apos;amd64&amp;apos;, os.version: &amp;apos;6.1&amp;apos;, java.version: &amp;apos;1.8.0_121&amp;apos;
Driver info: driver.version: FirefoxDriver">
      <![CDATA[org.openqa.selenium.WebDriverException: Failed to connect to binary FirefoxBinary(C:\Program Files\Mozilla Firefox\firefox.exe) on port 7055; process output follows: 
persky Lab çš„æ‰©å±•åŠŸèƒ½å¯¹æ‚¨çš„äº’è�”ç½‘çš„ä¿�æŠ¤ã€‚","creator":null,"homepageURL":null},{"locales":["zh_HK"],"name":"å�¡å·´æ–¯åŸºé˜²è­·","description":"ä½¿ç”¨ Kaspersky Lab çš„å»¶ä¼¸åŠŸèƒ½å°�æ‚¨çš„ç¶²éš›ç¶²è·¯çš„é˜²è­·ã€‚","creator":null,"homepageURL":null},{"locales":["zh_TW"],"name":"å�¡å·´æ–¯åŸºé˜²è­·","description":"ä½¿ç”¨ Kaspersky Lab çš„å»¶ä¼¸åŠŸèƒ½å°�æ‚¨çš„ç¶²éš›ç¶²è·¯çš„é˜²è­·ã€‚","creator":null,"homepageURL":null}],"targetApplications":[{"id":"{ec8030f7-c20a-464f-9b0e-13a3a9e97384}","minVersion":"38.0a1","maxVersion":"43.0"}],"targetPlatforms":[],"multiprocessCompatible":false,"signedState":2,"seen":true}
1518693913604	DeferredSave.extensions.json	DEBUG	Save changes
1518693913605	addons.xpi	DEBUG	Updating database with changes to installed add-ons
1518693913605	addons.xpi-utils	DEBUG	Updating add-on states
1518693913606	addons.xpi-utils	DEBUG	Writing add-ons list
1518693913609	addons.xpi	DEBUG	Registering manifest for C:\Program Files\Mozilla Firefox\browser\features\loop@mozilla.org.xpi
1518693913611	addons.xpi	DEBUG	Calling bootstrap method startup on loop@mozilla.org version 1.1.14
1518693913625	addons.manager	DEBUG	Starting provider: <unnamed-provider>
1518693913625	addons.manager	DEBUG	Registering shutdown blocker for <unnamed-provider>
1518693913625	addons.manager	DEBUG	Provider finished startup: <unnamed-provider>
1518693913639	addons.manager	DEBUG	Registering shutdown blocker for XPIProvider
1518693913639	addons.manager	DEBUG	Provider finished startup: XPIProvider
1518693913639	addons.manager	DEBUG	Starting provider: LightweightThemeManager
1518693913639	addons.manager	DEBUG	Registering shutdown blocker for LightweightThemeManager
1518693913639	addons.manager	DEBUG	Provider finished startup: LightweightThemeManager
1518693913640	addons.manager	DEBUG	Starting provider: GMPProvider
1518693913645	addons.manager	DEBUG	Registering shutdown blocker for GMPProvider
1518693913645	addons.manager	DEBUG	Provider finished startup: GMPProvider
1518693913645	addons.manager	DEBUG	Starting provider: PluginProvider
1518693913645	addons.manager	DEBUG	Registering shutdown blocker for PluginProvider
1518693913645	addons.manager	DEBUG	Provider finished startup: PluginProvider
1518693913645	addons.manager	DEBUG	Completed startup sequence
1518693922333	DeferredSave.extensions.json	DEBUG	Write succeeded
1518693922333	addons.xpi-utils	DEBUG	XPI Database saved, setting schema version preference to 17
1518693922333	DeferredSave.extensions.json	DEBUG	Starting timer
1518693922360	DeferredSave.extensions.json	DEBUG	Starting write
1518693922376	addons.repository	DEBUG	No addons.json found.
1518693922377	DeferredSave.addons.json	DEBUG	Save changes
1518693922381	DeferredSave.addons.json	DEBUG	Starting timer
1518693922406	addons.manager	DEBUG	Starting provider: PreviousExperimentProvider
1518693922406	addons.manager	DEBUG	Registering shutdown blocker for PreviousExperimentProvider
1518693922406	addons.manager	DEBUG	Provider finished startup: PreviousExperimentProvider
1518693922418	DeferredSave.extensions.json	DEBUG	Write succeeded
1518693922442	DeferredSave.addons.json	DEBUG	Starting write
1518693922454	DeferredSave.addons.json	DEBUG	Write succeeded
1518693935995	addons.xpi	DEBUG	Calling bootstrap method shutdown on loop@mozilla.org version 1.1.14
1518693936266	addons.manager	DEBUG	shutdown
1518693936267	addons.manager	DEBUG	Calling shutdown blocker for <unnamed-provider>
1518693936267	addons.manager	DEBUG	Calling shutdown blocker for XPIProvider
1518693936267	addons.xpi	DEBUG	shutdown
1518693936267	addons.xpi-utils	DEBUG	shutdown
1518693936268	addons.manager	DEBUG	Calling shutdown blocker for LightweightThemeManager
1518693936268	addons.manager	DEBUG	Calling shutdown blocker for GMPProvider
1518693936270	addons.manager	DEBUG	Calling shutdown blocker for PluginProvider
1518693936271	addons.manager	DEBUG	Calling shutdown blocker for PreviousExperimentProvider
1518693936274	addons.xpi	DEBUG	Notifying XPI shutdown observers
1518693936280	addons.manager	DEBUG	Async provider shutdown done

Build info: version: '2.47.1', revision: 'unknown', time: '2015-07-30 11:02:44'
System info: host: 'welcome-PC', ip: '192.168.79.1', os.name: 'Windows 7', os.arch: 'amd64', os.version: '6.1', java.version: '1.8.0_121'
Driver info: driver.version: FirefoxDriver
	at org.openqa.selenium.firefox.internal.NewProfileExtensionConnection.start(NewProfileExtensionConnection.java:134)
	at org.openqa.selenium.firefox.FirefoxDriver.startClient(FirefoxDriver.java:276)
	at org.openqa.selenium.remote.RemoteWebDriver.<init>(RemoteWebDriver.java:116)
	at org.openqa.selenium.firefox.FirefoxDriver.<init>(FirefoxDriver.java:221)
	at org.openqa.selenium.firefox.FirefoxDriver.<init>(FirefoxDriver.java:216)
	at org.openqa.selenium.firefox.FirefoxDriver.<init>(FirefoxDriver.java:212)
	at org.openqa.selenium.firefox.FirefoxDriver.<init>(FirefoxDriver.java:125)
	at flightBooking.TestOrbit.verifyFlightbooking(TestOrbit.java:44)
	at java.util.concurrent.ThreadPoolExecutor.runWorker(ThreadPoolExecutor.java:1142)
	at java.util.concurrent.ThreadPoolExecutor$Worker.run(ThreadPoolExecutor.java:617)
	at java.lang.Thread.run(Thread.java:745)
Caused by: org.openqa.selenium.firefox.NotConnectedException: Unable to connect to host 127.0.0.1 on port 7055 after 45000 ms. Firefox console output:
persky Lab çš„æ‰©å±•åŠŸèƒ½å¯¹æ‚¨çš„äº’è�”ç½‘çš„ä¿�æŠ¤ã€‚","creator":null,"homepageURL":null},{"locales":["zh_HK"],"name":"å�¡å·´æ–¯åŸºé˜²è­·","description":"ä½¿ç”¨ Kaspersky Lab çš„å»¶ä¼¸åŠŸèƒ½å°�æ‚¨çš„ç¶²éš›ç¶²è·¯çš„é˜²è­·ã€‚","creator":null,"homepageURL":null},{"locales":["zh_TW"],"name":"å�¡å·´æ–¯åŸºé˜²è­·","description":"ä½¿ç”¨ Kaspersky Lab çš„å»¶ä¼¸åŠŸèƒ½å°�æ‚¨çš„ç¶²éš›ç¶²è·¯çš„é˜²è­·ã€‚","creator":null,"homepageURL":null}],"targetApplications":[{"id":"{ec8030f7-c20a-464f-9b0e-13a3a9e97384}","minVersion":"38.0a1","maxVersion":"43.0"}],"targetPlatforms":[],"multiprocessCompatible":false,"signedState":2,"seen":true}
1518693913604	DeferredSave.extensions.json	DEBUG	Save changes
1518693913605	addons.xpi	DEBUG	Updating database with changes to installed add-ons
1518693913605	addons.xpi-utils	DEBUG	Updating add-on states
1518693913606	addons.xpi-utils	DEBUG	Writing add-ons list
1518693913609	addons.xpi	DEBUG	Registering manifest for C:\Program Files\Mozilla Firefox\browser\features\loop@mozilla.org.xpi
1518693913611	addons.xpi	DEBUG	Calling bootstrap method startup on loop@mozilla.org version 1.1.14
1518693913625	addons.manager	DEBUG	Starting provider: <unnamed-provider>
1518693913625	addons.manager	DEBUG	Registering shutdown blocker for <unnamed-provider>
1518693913625	addons.manager	DEBUG	Provider finished startup: <unnamed-provider>
1518693913639	addons.manager	DEBUG	Registering shutdown blocker for XPIProvider
1518693913639	addons.manager	DEBUG	Provider finished startup: XPIProvider
1518693913639	addons.manager	DEBUG	Starting provider: LightweightThemeManager
1518693913639	addons.manager	DEBUG	Registering shutdown blocker for LightweightThemeManager
1518693913639	addons.manager	DEBUG	Provider finished startup: LightweightThemeManager
1518693913640	addons.manager	DEBUG	Starting provider: GMPProvider
1518693913645	addons.manager	DEBUG	Registering shutdown blocker for GMPProvider
1518693913645	addons.manager	DEBUG	Provider finished startup: GMPProvider
1518693913645	addons.manager	DEBUG	Starting provider: PluginProvider
1518693913645	addons.manager	DEBUG	Registering shutdown blocker for PluginProvider
1518693913645	addons.manager	DEBUG	Provider finished startup: PluginProvider
1518693913645	addons.manager	DEBUG	Completed startup sequence
1518693922333	DeferredSave.extensions.json	DEBUG	Write succeeded
1518693922333	addons.xpi-utils	DEBUG	XPI Database saved, setting schema version preference to 17
1518693922333	DeferredSave.extensions.json	DEBUG	Starting timer
1518693922360	DeferredSave.extensions.json	DEBUG	Starting write
1518693922376	addons.repository	DEBUG	No addons.json found.
1518693922377	DeferredSave.addons.json	DEBUG	Save changes
1518693922381	DeferredSave.addons.json	DEBUG	Starting timer
1518693922406	addons.manager	DEBUG	Starting provider: PreviousExperimentProvider
1518693922406	addons.manager	DEBUG	Registering shutdown blocker for PreviousExperimentProvider
1518693922406	addons.manager	DEBUG	Provider finished startup: PreviousExperimentProvider
1518693922418	DeferredSave.extensions.json	DEBUG	Write succeeded
1518693922442	DeferredSave.addons.json	DEBUG	Starting write
1518693922454	DeferredSave.addons.json	DEBUG	Write succeeded
1518693935995	addons.xpi	DEBUG	Calling bootstrap method shutdown on loop@mozilla.org version 1.1.14
1518693936266	addons.manager	DEBUG	shutdown
1518693936267	addons.manager	DEBUG	Calling shutdown blocker for <unnamed-provider>
1518693936267	addons.manager	DEBUG	Calling shutdown blocker for XPIProvider
1518693936267	addons.xpi	DEBUG	shutdown
1518693936267	addons.xpi-utils	DEBUG	shutdown
1518693936268	addons.manager	DEBUG	Calling shutdown blocker for LightweightThemeManager
1518693936268	addons.manager	DEBUG	Calling shutdown blocker for GMPProvider
1518693936270	addons.manager	DEBUG	Calling shutdown blocker for PluginProvider
1518693936271	addons.manager	DEBUG	Calling shutdown blocker for PreviousExperimentProvider
1518693936274	addons.xpi	DEBUG	Notifying XPI shutdown observers
1518693936280	addons.manager	DEBUG	Async provider shutdown done

	at org.openqa.selenium.firefox.internal.NewProfileExtensionConnection.start(NewProfileExtensionConnection.java:122)
	... 27 more
... Removed 17 stack frames]]>
    </failure>
  </testcase>
</testsuite>
