<?xml version="1.0" encoding="UTF-8"?>
<testng-results skipped="0" failed="0" total="1" passed="1">
  <reporter-output>
  </reporter-output>
  <suite name="Suite" duration-ms="62" started-at="2018-02-14T15:24:25Z" finished-at="2018-02-14T15:24:25Z">
    <groups>
    </groups>
    <test name="Test" duration-ms="62" started-at="2018-02-14T15:24:25Z" finished-at="2018-02-14T15:24:25Z">
      <class name="flightBooking.TestOrbit">
        <test-method status="PASS" signature="verify()" name="verify" duration-ms="46" started-at="2018-02-14T15:24:25Z" finished-at="2018-02-14T15:24:25Z">
        </test-method>
      </class>
    </test>
  </suite>
</testng-results>
