<?xml version="1.0" encoding="UTF-8"?>
<!-- Generated by org.testng.reporters.JUnitReportReporter -->
<testsuite hostname="welcome-PC" name="flightBooking.TestOrbit" tests="2" failures="1" timestamp="15 Feb 2018 17:36:27 GMT" time="156.117" errors="0">
  <testcase name="verifyFlightbooking" time="100.021" classname="flightBooking.TestOrbit"/>
  <testcase name="verifyFlightbooking" time="56.096" classname="flightBooking.TestOrbit">
    <failure type="org.openqa.selenium.WebDriverException" message="Failed to connect to binary FirefoxBinary(C:\Program Files\Mozilla Firefox\firefox.exe) on port 7055; process output follows: 
me&quot;:&quot;�?�巴斯基防護&quot;,&quot;description&quot;:&quot;使用 Kaspersky Lab 的延伸功能�?您的網際網路的防護。&quot;,&quot;creator&quot;:null,&quot;homepageURL&quot;:null},{&quot;locales&quot;:[&quot;zh-TW&quot;],&quot;name&quot;:&quot;�?�巴斯基防護&quot;,&quot;description&quot;:&quot;使用 Kaspersky Lab 的延伸功能�?您的網際網路的防護。&quot;,&quot;creator&quot;:null,&quot;homepageURL&quot;:null},{&quot;locales&quot;:[&quot;zh_CN&quot;],&quot;name&quot;:&quot;�?�巴斯基�?护&quot;,&quot;description&quot;:&quot;使用 Kaspersky Lab 的扩展功能对您的互�?�网的�?护。&quot;,&quot;creator&quot;:null,&quot;homepageURL&quot;:null},{&quot;locales&quot;:[&quot;zh_HK&quot;],&quot;name&quot;:&quot;�?�巴斯基防護&quot;,&quot;description&quot;:&quot;使用 Kaspersky Lab 的延伸功能�?您的網際網路的防護。&quot;,&quot;creator&quot;:null,&quot;homepageURL&quot;:null},{&quot;locales&quot;:[&quot;zh_TW&quot;],&quot;name&quot;:&quot;�?�巴斯基防護&quot;,&quot;description&quot;:&quot;使用 Kaspersky Lab 的延伸功能�?您的網際網路的防護。&quot;,&quot;creator&quot;:null,&quot;homepageURL&quot;:null}],&quot;targetApplications&quot;:[{&quot;id&quot;:&quot;{ec8030f7-c20a-464f-9b0e-13a3a9e97384}&quot;,&quot;minVersion&quot;:&quot;38.0a1&quot;,&quot;maxVersion&quot;:&quot;43.0&quot;}],&quot;targetPlatforms&quot;:[],&quot;multiprocessCompatible&quot;:false,&quot;signedState&quot;:2,&quot;seen&quot;:true}
1518716107849	DeferredSave.extensions.json	DEBUG	Save changes
1518716107849	addons.xpi	DEBUG	Updating database with changes to installed add-ons
1518716107849	addons.xpi-utils	DEBUG	Updating add-on states
1518716107850	addons.xpi-utils	DEBUG	Writing add-ons list
1518716107852	addons.xpi	DEBUG	Registering manifest for C:\Program Files\Mozilla Firefox\browser\features\e10srollout@mozilla.org.xpi
1518716107853	addons.xpi	DEBUG	Calling bootstrap method startup on e10srollout@mozilla.org version 1.0
1518716107853	addons.xpi	DEBUG	Registering manifest for C:\Program Files\Mozilla Firefox\browser\features\firefox@getpocket.com.xpi
1518716107854	addons.xpi	DEBUG	Calling bootstrap method startup on firefox@getpocket.com version 1.0
1518716107855	addons.xpi	DEBUG	Registering manifest for C:\Program Files\Mozilla Firefox\browser\features\loop@mozilla.org.xpi
1518716107856	addons.xpi	DEBUG	Calling bootstrap method startup on loop@mozilla.org version 1.2.6
1518716107878	addons.manager	DEBUG	Registering shutdown blocker for XPIProvider
1518716107878	addons.manager	DEBUG	Provider finished startup: XPIProvider
1518716107878	addons.manager	DEBUG	Starting provider: LightweightThemeManager
1518716107878	addons.manager	DEBUG	Registering shutdown blocker for LightweightThemeManager
1518716107878	addons.manager	DEBUG	Provider finished startup: LightweightThemeManager
1518716107879	addons.manager	DEBUG	Starting provider: GMPProvider
1518716107885	addons.manager	DEBUG	Registering shutdown blocker for GMPProvider
1518716107885	addons.manager	DEBUG	Provider finished startup: GMPProvider
1518716107885	addons.manager	DEBUG	Starting provider: PluginProvider
1518716107885	addons.manager	DEBUG	Registering shutdown blocker for PluginProvider
1518716107885	addons.manager	DEBUG	Provider finished startup: PluginProvider
1518716107886	addons.manager	DEBUG	Completed startup sequence
1518716126613	addons.manager	DEBUG	Starting provider: &lt;unnamed-provider&gt;
1518716126613	addons.manager	DEBUG	Registering shutdown blocker for &lt;unnamed-provider&gt;
1518716126613	addons.manager	DEBUG	Provider finished startup: &lt;unnamed-provider&gt;
1518716128428	DeferredSave.extensions.json	DEBUG	Write succeeded
1518716128429	addons.xpi-utils	DEBUG	XPI Database saved, setting schema version preference to 17
1518716128429	DeferredSave.extensions.json	DEBUG	Starting timer
1518716128454	DeferredSave.extensions.json	DEBUG	Starting write
1518716128507	addons.repository	DEBUG	No addons.json found.
1518716128509	DeferredSave.addons.json	DEBUG	Save changes
1518716128511	DeferredSave.addons.json	DEBUG	Starting timer
1518716128541	addons.manager	DEBUG	Starting provider: PreviousExperimentProvider
1518716128541	addons.manager	DEBUG	Registering shutdown blocker for PreviousExperimentProvider
1518716128542	addons.manager	DEBUG	Provider finished startup: PreviousExperimentProvider
1518716128563	DeferredSave.addons.json	DEBUG	Starting write
1518716128565	DeferredSave.extensions.json	DEBUG	Write succeeded
1518716128599	DeferredSave.addons.json	DEBUG	Write succeeded

Build info: version: &#039;2.47.1&#039;, revision: &#039;unknown&#039;, time: &#039;2015-07-30 11:02:44&#039;
System info: host: &#039;welcome-PC&#039;, ip: &#039;192.168.79.1&#039;, os.name: &#039;Windows 7&#039;, os.arch: &#039;amd64&#039;, os.version: &#039;6.1&#039;, java.version: &#039;1.8.0_121&#039;
Driver info: driver.version: FirefoxDriver">
      <![CDATA[org.openqa.selenium.WebDriverException: Failed to connect to binary FirefoxBinary(C:\Program Files\Mozilla Firefox\firefox.exe) on port 7055; process output follows: 
me":"�?�巴斯基防護","description":"使用 Kaspersky Lab 的延伸功能�?您的網際網路的防護。","creator":null,"homepageURL":null},{"locales":["zh-TW"],"name":"�?�巴斯基防護","description":"使用 Kaspersky Lab 的延伸功能�?您的網際網路的防護。","creator":null,"homepageURL":null},{"locales":["zh_CN"],"name":"�?�巴斯基�?护","description":"使用 Kaspersky Lab 的扩展功能对您的互�?�网的�?护。","creator":null,"homepageURL":null},{"locales":["zh_HK"],"name":"�?�巴斯基防護","description":"使用 Kaspersky Lab 的延伸功能�?您的網際網路的防護。","creator":null,"homepageURL":null},{"locales":["zh_TW"],"name":"�?�巴斯基防護","description":"使用 Kaspersky Lab 的延伸功能�?您的網際網路的防護。","creator":null,"homepageURL":null}],"targetApplications":[{"id":"{ec8030f7-c20a-464f-9b0e-13a3a9e97384}","minVersion":"38.0a1","maxVersion":"43.0"}],"targetPlatforms":[],"multiprocessCompatible":false,"signedState":2,"seen":true}
1518716107849	DeferredSave.extensions.json	DEBUG	Save changes
1518716107849	addons.xpi	DEBUG	Updating database with changes to installed add-ons
1518716107849	addons.xpi-utils	DEBUG	Updating add-on states
1518716107850	addons.xpi-utils	DEBUG	Writing add-ons list
1518716107852	addons.xpi	DEBUG	Registering manifest for C:\Program Files\Mozilla Firefox\browser\features\e10srollout@mozilla.org.xpi
1518716107853	addons.xpi	DEBUG	Calling bootstrap method startup on e10srollout@mozilla.org version 1.0
1518716107853	addons.xpi	DEBUG	Registering manifest for C:\Program Files\Mozilla Firefox\browser\features\firefox@getpocket.com.xpi
1518716107854	addons.xpi	DEBUG	Calling bootstrap method startup on firefox@getpocket.com version 1.0
1518716107855	addons.xpi	DEBUG	Registering manifest for C:\Program Files\Mozilla Firefox\browser\features\loop@mozilla.org.xpi
1518716107856	addons.xpi	DEBUG	Calling bootstrap method startup on loop@mozilla.org version 1.2.6
1518716107878	addons.manager	DEBUG	Registering shutdown blocker for XPIProvider
1518716107878	addons.manager	DEBUG	Provider finished startup: XPIProvider
1518716107878	addons.manager	DEBUG	Starting provider: LightweightThemeManager
1518716107878	addons.manager	DEBUG	Registering shutdown blocker for LightweightThemeManager
1518716107878	addons.manager	DEBUG	Provider finished startup: LightweightThemeManager
1518716107879	addons.manager	DEBUG	Starting provider: GMPProvider
1518716107885	addons.manager	DEBUG	Registering shutdown blocker for GMPProvider
1518716107885	addons.manager	DEBUG	Provider finished startup: GMPProvider
1518716107885	addons.manager	DEBUG	Starting provider: PluginProvider
1518716107885	addons.manager	DEBUG	Registering shutdown blocker for PluginProvider
1518716107885	addons.manager	DEBUG	Provider finished startup: PluginProvider
1518716107886	addons.manager	DEBUG	Completed startup sequence
1518716126613	addons.manager	DEBUG	Starting provider: <unnamed-provider>
1518716126613	addons.manager	DEBUG	Registering shutdown blocker for <unnamed-provider>
1518716126613	addons.manager	DEBUG	Provider finished startup: <unnamed-provider>
1518716128428	DeferredSave.extensions.json	DEBUG	Write succeeded
1518716128429	addons.xpi-utils	DEBUG	XPI Database saved, setting schema version preference to 17
1518716128429	DeferredSave.extensions.json	DEBUG	Starting timer
1518716128454	DeferredSave.extensions.json	DEBUG	Starting write
1518716128507	addons.repository	DEBUG	No addons.json found.
1518716128509	DeferredSave.addons.json	DEBUG	Save changes
1518716128511	DeferredSave.addons.json	DEBUG	Starting timer
1518716128541	addons.manager	DEBUG	Starting provider: PreviousExperimentProvider
1518716128541	addons.manager	DEBUG	Registering shutdown blocker for PreviousExperimentProvider
1518716128542	addons.manager	DEBUG	Provider finished startup: PreviousExperimentProvider
1518716128563	DeferredSave.addons.json	DEBUG	Starting write
1518716128565	DeferredSave.extensions.json	DEBUG	Write succeeded
1518716128599	DeferredSave.addons.json	DEBUG	Write succeeded

Build info: version: '2.47.1', revision: 'unknown', time: '2015-07-30 11:02:44'
System info: host: 'welcome-PC', ip: '192.168.79.1', os.name: 'Windows 7', os.arch: 'amd64', os.version: '6.1', java.version: '1.8.0_121'
Driver info: driver.version: FirefoxDriver
	at org.openqa.selenium.firefox.internal.NewProfileExtensionConnection.start(NewProfileExtensionConnection.java:134)
	at org.openqa.selenium.firefox.FirefoxDriver.startClient(FirefoxDriver.java:276)
	at org.openqa.selenium.remote.RemoteWebDriver.<init>(RemoteWebDriver.java:116)
	at org.openqa.selenium.firefox.FirefoxDriver.<init>(FirefoxDriver.java:221)
	at org.openqa.selenium.firefox.FirefoxDriver.<init>(FirefoxDriver.java:216)
	at org.openqa.selenium.firefox.FirefoxDriver.<init>(FirefoxDriver.java:212)
	at org.openqa.selenium.firefox.FirefoxDriver.<init>(FirefoxDriver.java:125)
	at flightBooking.TestOrbit.verifyFlightbooking(TestOrbit.java:34)
	at sun.reflect.NativeMethodAccessorImpl.invoke0(Native Method)
	at sun.reflect.NativeMethodAccessorImpl.invoke(NativeMethodAccessorImpl.java:62)
	at sun.reflect.DelegatingMethodAccessorImpl.invoke(DelegatingMethodAccessorImpl.java:43)
	at java.lang.reflect.Method.invoke(Method.java:498)
	at org.testng.internal.MethodInvocationHelper.invokeMethod(MethodInvocationHelper.java:80)
	at org.testng.internal.Invoker.invokeMethod(Invoker.java:673)
	at org.testng.internal.Invoker.invokeTestMethod(Invoker.java:842)
	at org.testng.internal.Invoker.invokeTestMethods(Invoker.java:1166)
	at org.testng.internal.TestMethodWorker.invokeTestMethods(TestMethodWorker.java:125)
	at org.testng.internal.TestMethodWorker.run(TestMethodWorker.java:109)
	at org.testng.TestRunner.runWorkers(TestRunner.java:1178)
	at org.testng.TestRunner.privateRun(TestRunner.java:757)
	at org.testng.TestRunner.run(TestRunner.java:608)
	at org.testng.SuiteRunner.runTest(SuiteRunner.java:334)
	at org.testng.SuiteRunner.access$000(SuiteRunner.java:36)
	at org.testng.SuiteRunner$SuiteWorker.run(SuiteRunner.java:368)
	at org.testng.internal.thread.ThreadUtil$CountDownLatchedRunnable.run(ThreadUtil.java:165)
	at java.util.concurrent.ThreadPoolExecutor.runWorker(ThreadPoolExecutor.java:1142)
	at java.util.concurrent.ThreadPoolExecutor$Worker.run(ThreadPoolExecutor.java:617)
	at java.lang.Thread.run(Thread.java:745)
Caused by: org.openqa.selenium.firefox.NotConnectedException: Unable to connect to host 127.0.0.1 on port 7055 after 45000 ms. Firefox console output:
me":"�?�巴斯基防護","description":"使用 Kaspersky Lab 的延伸功能�?您的網際網路的防護。","creator":null,"homepageURL":null},{"locales":["zh-TW"],"name":"�?�巴斯基防護","description":"使用 Kaspersky Lab 的延伸功能�?您的網際網路的防護。","creator":null,"homepageURL":null},{"locales":["zh_CN"],"name":"�?�巴斯基�?护","description":"使用 Kaspersky Lab 的扩展功能对您的互�?�网的�?护。","creator":null,"homepageURL":null},{"locales":["zh_HK"],"name":"�?�巴斯基防護","description":"使用 Kaspersky Lab 的延伸功能�?您的網際網路的防護。","creator":null,"homepageURL":null},{"locales":["zh_TW"],"name":"�?�巴斯基防護","description":"使用 Kaspersky Lab 的延伸功能�?您的網際網路的防護。","creator":null,"homepageURL":null}],"targetApplications":[{"id":"{ec8030f7-c20a-464f-9b0e-13a3a9e97384}","minVersion":"38.0a1","maxVersion":"43.0"}],"targetPlatforms":[],"multiprocessCompatible":false,"signedState":2,"seen":true}
1518716107849	DeferredSave.extensions.json	DEBUG	Save changes
1518716107849	addons.xpi	DEBUG	Updating database with changes to installed add-ons
1518716107849	addons.xpi-utils	DEBUG	Updating add-on states
1518716107850	addons.xpi-utils	DEBUG	Writing add-ons list
1518716107852	addons.xpi	DEBUG	Registering manifest for C:\Program Files\Mozilla Firefox\browser\features\e10srollout@mozilla.org.xpi
1518716107853	addons.xpi	DEBUG	Calling bootstrap method startup on e10srollout@mozilla.org version 1.0
1518716107853	addons.xpi	DEBUG	Registering manifest for C:\Program Files\Mozilla Firefox\browser\features\firefox@getpocket.com.xpi
1518716107854	addons.xpi	DEBUG	Calling bootstrap method startup on firefox@getpocket.com version 1.0
1518716107855	addons.xpi	DEBUG	Registering manifest for C:\Program Files\Mozilla Firefox\browser\features\loop@mozilla.org.xpi
1518716107856	addons.xpi	DEBUG	Calling bootstrap method startup on loop@mozilla.org version 1.2.6
1518716107878	addons.manager	DEBUG	Registering shutdown blocker for XPIProvider
1518716107878	addons.manager	DEBUG	Provider finished startup: XPIProvider
1518716107878	addons.manager	DEBUG	Starting provider: LightweightThemeManager
1518716107878	addons.manager	DEBUG	Registering shutdown blocker for LightweightThemeManager
1518716107878	addons.manager	DEBUG	Provider finished startup: LightweightThemeManager
1518716107879	addons.manager	DEBUG	Starting provider: GMPProvider
1518716107885	addons.manager	DEBUG	Registering shutdown blocker for GMPProvider
1518716107885	addons.manager	DEBUG	Provider finished startup: GMPProvider
1518716107885	addons.manager	DEBUG	Starting provider: PluginProvider
1518716107885	addons.manager	DEBUG	Registering shutdown blocker for PluginProvider
1518716107885	addons.manager	DEBUG	Provider finished startup: PluginProvider
1518716107886	addons.manager	DEBUG	Completed startup sequence
1518716126613	addons.manager	DEBUG	Starting provider: <unnamed-provider>
1518716126613	addons.manager	DEBUG	Registering shutdown blocker for <unnamed-provider>
1518716126613	addons.manager	DEBUG	Provider finished startup: <unnamed-provider>
1518716128428	DeferredSave.extensions.json	DEBUG	Write succeeded
1518716128429	addons.xpi-utils	DEBUG	XPI Database saved, setting schema version preference to 17
1518716128429	DeferredSave.extensions.json	DEBUG	Starting timer
1518716128454	DeferredSave.extensions.json	DEBUG	Starting write
1518716128507	addons.repository	DEBUG	No addons.json found.
1518716128509	DeferredSave.addons.json	DEBUG	Save changes
1518716128511	DeferredSave.addons.json	DEBUG	Starting timer
1518716128541	addons.manager	DEBUG	Starting provider: PreviousExperimentProvider
1518716128541	addons.manager	DEBUG	Registering shutdown blocker for PreviousExperimentProvider
1518716128542	addons.manager	DEBUG	Provider finished startup: PreviousExperimentProvider
1518716128563	DeferredSave.addons.json	DEBUG	Starting write
1518716128565	DeferredSave.extensions.json	DEBUG	Write succeeded
1518716128599	DeferredSave.addons.json	DEBUG	Write succeeded

	at org.openqa.selenium.firefox.internal.NewProfileExtensionConnection.start(NewProfileExtensionConnection.java:122)
	... 27 more
]]>
    </failure>
  </testcase>
</testsuite>
